Timestamp,Elapsed(s),TotalInserts,TotalSearches,InsertsPerSec,SearchesPerSec,Errors
2026-01-21 01:57:16,1,0,0,0,0,0
2026-01-21 01:57:17,2,0,0,0,0,0
2026-01-21 01:57:18,3,0,0,0,0,0
2026-01-21 01:57:19,4,0,0,0,0,0
2026-01-21 01:57:20,5,0,0,0,0,0
2026-01-21 01:57:21,6,0,0,0,0,0
2026-01-21 01:57:22,7,0,0,0,0,0
2026-01-21 01:57:23,8,0,0,0,0,0
2026-01-21 01:57:24,9,0,0,0,0,0
2026-01-21 01:57:25,10,0,0,0,0,0
2026-01-21 01:57:26,11,0,0,0,0,0
2026-01-21 01:57:27,12,0,0,0,0,0
2026-01-21 01:57:28,13,0,0,0,0,0
2026-01-21 01:57:29,14,0,0,0,0,0
2026-01-21 01:57:30,15,0,0,0,0,0
2026-01-21 01:57:31,16,0,0,0,0,0
2026-01-21 01:57:32,17,0,0,0,0,0
2026-01-21 01:57:33,18,0,0,0,0,0
2026-01-21 01:57:34,19,0,0,0,0,0
2026-01-21 01:57:35,20,0,0,0,0,0
2026-01-21 01:57:36,21,0,0,0,0,0
2026-01-21 01:57:37,22,0,0,0,0,0
2026-01-21 01:57:38,23,0,0,0,0,0
2026-01-21 01:57:39,24,0,0,0,0,0
2026-01-21 01:57:40,25,0,0,0,0,0
2026-01-21 01:57:41,26,0,0,0,0,0
2026-01-21 01:57:42,27,0,0,0,0,0
2026-01-21 01:57:43,28,0,0,0,0,0
2026-01-21 01:57:44,29,0,0,0,0,0
2026-01-21 01:57:45,30,0,0,0,0,0
2026-01-21 01:57:46,31,0,0,0,0,0
2026-01-21 01:57:47,32,0,0,0,0,0
2026-01-21 01:57:48,33,0,0,0,0,0
2026-01-21 01:57:49,34,0,0,0,0,0
2026-01-21 01:57:50,35,0,0,0,0,0
2026-01-21 01:57:51,36,0,0,0,0,0
2026-01-21 01:57:52,37,0,0,0,0,0
2026-01-21 01:57:53,38,0,0,0,0,0
2026-01-21 01:57:54,39,0,0,0,0,0
2026-01-21 01:57:55,40,0,0,0,0,0
2026-01-21 01:57:56,41,0,0,0,0,0
2026-01-21 01:57:57,42,0,0,0,0,0
2026-01-21 01:57:58,43,0,0,0,0,0
2026-01-21 01:57:59,44,0,0,0,0,0
2026-01-21 01:58:00,45,0,0,0,0,0
2026-01-21 01:58:01,46,0,0,0,0,0
2026-01-21 01:58:02,47,0,0,0,0,0
2026-01-21 01:58:03,48,0,0,0,0,0
2026-01-21 01:58:04,49,0,0,0,0,0
2026-01-21 01:58:05,50,0,0,0,0,0
2026-01-21 01:58:06,51,0,0,0,0,0
2026-01-21 01:58:07,52,0,0,0,0,0
2026-01-21 01:58:08,53,0,0,0,0,0
2026-01-21 01:58:09,54,0,0,0,0,0
2026-01-21 01:58:10,55,0,0,0,0,0
2026-01-21 01:58:11,56,0,0,0,0,0
2026-01-21 01:58:12,57,0,0,0,0,0
2026-01-21 01:58:13,58,0,0,0,0,0
2026-01-21 01:58:14,59,0,0,0,0,0
2026-01-21 01:58:15,60,0,0,0,0,0
2026-01-21 01:58:16,61,0,0,0,0,0
2026-01-21 01:58:17,62,0,0,0,0,0
2026-01-21 01:58:18,63,0,0,0,0,0
2026-01-21 01:58:19,64,0,0,0,0,0
2026-01-21 01:58:20,65,0,0,0,0,0
2026-01-21 01:58:21,66,0,0,0,0,0
2026-01-21 01:58:22,67,0,0,0,0,0
2026-01-21 01:58:23,68,0,0,0,0,0
2026-01-21 01:58:24,69,0,0,0,0,0
2026-01-21 01:58:25,70,0,0,0,0,0
2026-01-21 01:58:26,71,0,0,0,0,0
2026-01-21 01:58:27,72,0,0,0,0,0
2026-01-21 01:58:28,73,0,0,0,0,0
2026-01-21 01:58:29,74,0,0,0,0,0
2026-01-21 01:58:30,75,0,0,0,0,0
2026-01-21 01:58:31,76,0,0,0,0,0
2026-01-21 01:58:32,77,0,0,0,0,0
2026-01-21 01:58:33,78,0,0,0,0,0
2026-01-21 01:58:34,79,0,0,0,0,0
2026-01-21 01:58:35,80,0,0,0,0,0
2026-01-21 01:58:36,81,0,0,0,0,0
2026-01-21 01:58:37,82,0,0,0,0,0
2026-01-21 01:58:38,83,0,0,0,0,0
2026-01-21 01:58:39,84,0,0,0,0,0
2026-01-21 01:58:40,85,0,0,0,0,0
2026-01-21 01:58:41,86,0,0,0,0,0
2026-01-21 01:58:42,87,0,0,0,0,0
2026-01-21 01:58:43,88,0,0,0,0,0
2026-01-21 01:58:44,89,0,0,0,0,0
2026-01-21 01:58:45,90,0,0,0,0,0
2026-01-21 01:58:46,91,0,0,0,0,0
2026-01-21 01:58:47,92,0,0,0,0,0
2026-01-21 01:58:48,93,0,0,0,0,0
2026-01-21 01:58:49,94,0,0,0,0,0
2026-01-21 01:58:50,95,0,0,0,0,0
2026-01-21 01:58:51,96,0,0,0,0,0
2026-01-21 01:58:52,97,0,0,0,0,0
2026-01-21 01:58:53,98,0,0,0,0,0
2026-01-21 01:58:54,99,0,0,0,0,0
2026-01-21 01:58:55,100,0,0,0,0,0
2026-01-21 01:58:56,101,0,0,0,0,0
2026-01-21 01:58:57,102,0,0,0,0,0
2026-01-21 01:58:58,103,0,0,0,0,0
2026-01-21 01:58:59,104,0,0,0,0,0
2026-01-21 01:59:00,105,0,0,0,0,0
2026-01-21 01:59:01,106,0,0,0,0,0
2026-01-21 01:59:02,107,0,0,0,0,0
2026-01-21 01:59:03,108,0,0,0,0,0
2026-01-21 01:59:04,109,0,0,0,0,0
2026-01-21 01:59:05,110,0,0,0,0,0
2026-01-21 01:59:06,111,0,0,0,0,0
2026-01-21 01:59:07,112,0,0,0,0,0
2026-01-21 01:59:08,113,0,0,0,0,0
2026-01-21 01:59:09,114,0,0,0,0,0
2026-01-21 01:59:10,115,0,0,0,0,0
2026-01-21 01:59:11,116,0,0,0,0,0
2026-01-21 01:59:12,117,0,0,0,0,0
2026-01-21 01:59:13,118,0,0,0,0,0
2026-01-21 01:59:14,119,0,0,0,0,0
2026-01-21 01:59:15,120,0,0,0,0,0
2026-01-21 01:59:16,121,0,0,0,0,0
2026-01-21 01:59:17,122,0,0,0,0,0
2026-01-21 01:59:18,123,0,0,0,0,0
2026-01-21 01:59:19,124,0,0,0,0,0
2026-01-21 01:59:20,125,0,0,0,0,0
2026-01-21 01:59:21,126,0,0,0,0,0
2026-01-21 01:59:22,127,0,0,0,0,0
2026-01-21 01:59:23,128,0,0,0,0,0
2026-01-21 01:59:24,129,0,0,0,0,0
2026-01-21 01:59:25,130,0,0,0,0,0
2026-01-21 01:59:26,131,0,0,0,0,0
2026-01-21 01:59:27,132,0,0,0,0,0
2026-01-21 01:59:28,133,0,0,0,0,0
2026-01-21 01:59:29,134,0,0,0,0,0
2026-01-21 01:59:30,135,0,0,0,0,0
2026-01-21 01:59:31,136,0,0,0,0,0
2026-01-21 01:59:32,137,0,0,0,0,0
2026-01-21 01:59:33,138,0,0,0,0,0
2026-01-21 01:59:34,139,0,0,0,0,0
2026-01-21 01:59:35,140,0,0,0,0,0
2026-01-21 01:59:36,141,0,0,0,0,0
2026-01-21 01:59:37,142,0,0,0,0,0
2026-01-21 01:59:38,143,0,0,0,0,0
2026-01-21 01:59:39,144,0,0,0,0,0
2026-01-21 01:59:40,145,0,0,0,0,0
2026-01-21 01:59:41,146,0,0,0,0,0
Timestamp,Elapsed(s),TotalInserts,TotalSearches,InsertsPerSec,SearchesPerSec,Errors
2026-01-21 02:03:12,1,0,0,0,0,0
2026-01-21 02:03:13,2,0,0,0,0,0
2026-01-21 02:03:14,3,0,0,0,0,0
2026-01-21 02:03:15,4,0,0,0,0,0
2026-01-21 02:03:16,5,0,0,0,0,0
2026-01-21 02:03:17,6,0,0,0,0,0
2026-01-21 02:03:18,7,0,0,0,0,0
2026-01-21 02:03:19,8,0,0,0,0,0
2026-01-21 02:03:20,9,0,0,0,0,0
2026-01-21 02:03:21,10,0,0,0,0,0
2026-01-21 02:03:22,11,0,0,0,0,0
2026-01-21 02:03:23,12,0,0,0,0,0
2026-01-21 02:03:24,13,0,0,0,0,0
Timestamp,Elapsed(s),TotalInserts,TotalSearches,InsertsPerSec,SearchesPerSec,Errors
2026-01-21 02:06:24,1,0,0,0,0,0
2026-01-21 02:06:25,2,0,0,0,0,0
2026-01-21 02:06:26,3,0,0,0,0,0
2026-01-21 02:06:27,4,0,0,0,0,0
2026-01-21 02:06:28,5,0,0,0,0,0
2026-01-21 02:06:29,6,0,0,0,0,0
Timestamp,Elapsed(s),TotalInserts,TotalSearches,InsertsPerSec,SearchesPerSec,Errors
2026-01-21 02:08:27,1,0,0,0,0,0
2026-01-21 02:08:28,2,0,0,0,0,0
2026-01-21 02:08:29,3,0,0,0,0,0
2026-01-21 02:08:30,4,0,0,0,0,0
2026-01-21 02:08:31,5,0,0,0,0,0
2026-01-21 02:08:32,6,0,0,0,0,0
2026-01-21 02:08:33,7,0,0,0,0,0
Timestamp,Elapsed(s),TotalInserts,TotalSearches,InsertsPerSec,SearchesPerSec,Errors
2026-01-21 02:09:13,1,0,0,0,0,0
2026-01-21 02:09:14,2,0,0,0,0,0
2026-01-21 02:09:15,3,0,0,0,0,0
2026-01-21 02:09:16,4,0,0,0,0,0
2026-01-21 02:09:17,5,0,0,0,0,0
2026-01-21 02:09:18,6,0,0,0,0,0
2026-01-21 02:09:19,7,0,0,0,0,0
Timestamp,Elapsed(s),TotalInserts,TotalSearches,InsertsPerSec,SearchesPerSec,Errors
2026-01-21 02:20:00,1,0,0,0,0,0
2026-01-21 02:20:01,2,0,0,0,0,0
2026-01-21 02:20:02,3,0,0,0,0,0
2026-01-21 02:20:03,4,0,0,0,0,0
2026-01-21 02:20:04,5,0,0,0,0,0
2026-01-21 02:20:05,6,0,0,0,0,0
2026-01-21 02:20:06,7,0,0,0,0,0
